Build started 4/26/2015 8:32:27 PM.
     1>Project "C:\Users\Matt Zeosky\Documents\GitHub\PlagnorShift\Space_Shifter\DirectX11_Starter\DirectX11_Starter\DirectX11_Starter.vcxproj" on node 2 (Build target(s)).
     1>C:\Program Files (x86)\MSBuild\Microsoft.Cpp\v4.0\V120\Microsoft.CppBuild.targets(381,5): warning MSB8028: The intermediate directory (Debug\) contains files shared from another project (DirectX11_Starter.vcxproj, DirectX11_HW3.vcxproj, DirectX11_HW4.vcxproj).  This can lead to incorrect clean and rebuild behavior.
     1>FxCompile:
         C:\Program Files (x86)\Windows Kits\8.1\bin\x86\fxc.exe /nologo /E"main" /T ps_4_0_level_9_1 /Fo "C:\Users\Matt Zeosky\Documents\GitHub\PlagnorShift\Space_Shifter\DirectX11_Starter\Debug\PixelShader.cso" /Od /Zi Shaders\PixelShader.hlsl 
         compilation object save succeeded; see C:\Users\Matt Zeosky\Documents\GitHub\PlagnorShift\Space_Shifter\DirectX11_Starter\Debug\PixelShader.cso
         C:\Program Files (x86)\Windows Kits\8.1\bin\x86\fxc.exe /nologo /E"main" /T vs_4_0_level_9_1 /Fo "C:\Users\Matt Zeosky\Documents\GitHub\PlagnorShift\Space_Shifter\DirectX11_Starter\Debug\VertexShader.cso" /Od /Zi Shaders\VertexShader.hlsl 
         compilation object save succeeded; see C:\Users\Matt Zeosky\Documents\GitHub\PlagnorShift\Space_Shifter\DirectX11_Starter\Debug\VertexShader.cso
       ClCompile:
         C:\Program Files (x86)\Microsoft Visual Studio 12.0\VC\bin\CL.exe /c /I"C:\Users\Matt Zeosky\Documents\GitHub\PlagnorShift\Space_Shifter\DirectX11_Starter\\DirectXTK\Inc" /ZI /nologo /W3 /WX- /sdl /Od /Oy- /D _UNICODE /D UNICODE /Gm /EHsc /RTC1 /MDd /GS /fp:precise /Zc:wchar_t /Zc:forScope /Fo"Debug\\" /Fd"Debug\vc120.pdb" /Gd /TP /analyze- /errorReport:prompt ChunkManager.cpp GameEntity.cpp Material.cpp MyDemoGame.cpp Obstacle.cpp ObstacleManager.cpp Player.cpp RenderManager.cpp ResourceManager.cpp
         RenderManager.cpp
     1>c:\users\matt zeosky\documents\github\plagnorshift\space_shifter\directx11_starter\directx11_starter\rendermanager.cpp(121): warning C4018: '<' : signed/unsigned mismatch
         MyDemoGame.cpp
         Material.cpp
         Generating Code...
         Skipping... (no relevant changes detected)
         ResourceManager.cpp
         Player.cpp
         ObstacleManager.cpp
         Obstacle.cpp
         GameEntity.cpp
         ChunkManager.cpp
       Link:
         C:\Program Files (x86)\Microsoft Visual Studio 12.0\VC\bin\link.exe /ERRORREPORT:PROMPT /OUT:"C:\Users\Matt Zeosky\Documents\GitHub\PlagnorShift\Space_Shifter\DirectX11_Starter\Debug\Lap_01.exe" /INCREMENTAL /NOLOGO d3d11.lib d3dcompiler.lib kernel32.lib user32.lib gdi32.lib winspool.lib comdlg32.lib advapi32.lib shell32.lib ole32.lib oleaut32.lib uuid.lib odbc32.lib odbccp32.lib /MANIFEST /MANIFESTUAC:"level='asInvoker' uiAccess='false'" /manifest:embed /DEBUG /PDB:"C:\Users\Matt Zeosky\Documents\GitHub\PlagnorShift\Space_Shifter\DirectX11_Starter\Debug\Lap_01.pdb" /TLBID:1 /DYNAMICBASE /NXCOMPAT /IMPLIB:"C:\Users\Matt Zeosky\Documents\GitHub\PlagnorShift\Space_Shifter\DirectX11_Starter\Debug\Lap_01.lib" /MACHINE:X86 Debug\BoundingBoxClass.obj
         Debug\BoundingBoxManager.obj
         Debug\Camera.obj
         Debug\ChunkManager.obj
         Debug\GameEntity.obj
         Debug\Material.obj
         Debug\Mesh.obj
         Debug\MyDemoGame.obj
         Debug\dxerr.obj
         Debug\DirectXGame.obj
         Debug\GameTimer.obj
         Debug\Obstacle.obj
         Debug\ObstacleManager.obj
         Debug\Player.obj
         Debug\RenderManager.obj
         Debug\ResourceManager.obj
         Debug\SimpleShader.obj
         "C:\Users\Matt Zeosky\Documents\GitHub\PlagnorShift\Space_Shifter\DirectX11_Starter\DirectXTK\Bin\Desktop_2013\Win32\Debug\DirectXTK.lib"
         DirectX11_Starter.vcxproj -> C:\Users\Matt Zeosky\Documents\GitHub\PlagnorShift\Space_Shifter\DirectX11_Starter\Debug\Lap_01.exe
     1>Done Building Project "C:\Users\Matt Zeosky\Documents\GitHub\PlagnorShift\Space_Shifter\DirectX11_Starter\DirectX11_Starter\DirectX11_Starter.vcxproj" (Build target(s)).

Build succeeded.

Time Elapsed 00:00:23.01
