c:\users\matt zeosky\desktop\directx11_hw4\directx11_starter\directx11_starter\debug\vc120.pdb
c:\users\matt zeosky\desktop\directx11_hw4\directx11_starter\directx11_starter\debug\vc120.idb
c:\users\matt zeosky\desktop\directx11_hw4\directx11_starter\directx11_starter\debug\gameentity.obj
c:\users\matt zeosky\desktop\directx11_hw4\directx11_starter\directx11_starter\debug\mesh.obj
c:\users\matt zeosky\desktop\directx11_hw4\directx11_starter\directx11_starter\debug\mydemogame.obj
c:\users\matt zeosky\desktop\directx11_hw4\directx11_starter\directx11_starter\debug\dxerr.obj
c:\users\matt zeosky\desktop\directx11_hw4\directx11_starter\directx11_starter\debug\directxgame.obj
c:\users\matt zeosky\desktop\directx11_hw4\directx11_starter\directx11_starter\debug\gametimer.obj
c:\users\matt zeosky\desktop\directx11_hw4\directx11_starter\directx11_starter\debug\simpleshader.obj
c:\users\matt zeosky\desktop\directx11_hw4\directx11_starter\directx11_starter\debug\camera.obj
c:\users\matt zeosky\desktop\directx11_hw4\directx11_starter\directx11_starter\debug\material.obj
c:\users\matt zeosky\desktop\directx11_hw5\directx11_starter\directx11_starter\debug\vc120.pdb
c:\users\matt zeosky\desktop\directx11_hw5\directx11_starter\directx11_starter\debug\vc120.idb
c:\users\matt zeosky\desktop\directx11_hw5\directx11_starter\directx11_starter\debug\camera.obj
c:\users\matt zeosky\desktop\directx11_hw5\directx11_starter\directx11_starter\debug\gameentity.obj
c:\users\matt zeosky\desktop\directx11_hw5\directx11_starter\directx11_starter\debug\material.obj
c:\users\matt zeosky\desktop\directx11_hw5\directx11_starter\directx11_starter\debug\mesh.obj
c:\users\matt zeosky\desktop\directx11_hw5\directx11_starter\directx11_starter\debug\dxerr.obj
c:\users\matt zeosky\desktop\directx11_hw5\directx11_starter\directx11_starter\debug\directxgame.obj
c:\users\matt zeosky\desktop\directx11_hw5\directx11_starter\directx11_starter\debug\gametimer.obj
c:\users\matt zeosky\desktop\directx11_hw5\directx11_starter\directx11_starter\debug\simpleshader.obj
c:\users\matt zeosky\desktop\directx11_hw5\directx11_starter\directx11_starter\debug\mydemogame.obj
c:\users\matt zeosky\desktop\directx11_hw5\directx11_starter\directx11_starter\debug\rendermanager.obj
c:\users\matt zeosky\desktop\directx11_hw4\directx11_starter\debug\pixelshader.cso
c:\users\matt zeosky\desktop\directx11_hw4\directx11_starter\debug\vertexshader.cso
c:\users\matt zeosky\desktop\directx11_hw5\directx11_starter\debug\pixelshader.cso
c:\users\matt zeosky\desktop\directx11_hw5\directx11_starter\debug\vertexshader.cso
c:\users\matt zeosky\desktop\directx11_hw4\directx11_starter\debug\directx11_hw4.ilk
c:\users\matt zeosky\desktop\directx11_hw4\directx11_starter\debug\directx11_hw4.exe
c:\users\matt zeosky\desktop\directx11_hw4\directx11_starter\debug\directx11_hw4.pdb
c:\users\matt zeosky\desktop\directx11_hw5\directx11_starter\debug\directx11_hw4.ilk
c:\users\matt zeosky\desktop\directx11_hw5\directx11_starter\debug\directx11_hw4.exe
c:\users\matt zeosky\desktop\directx11_hw5\directx11_starter\debug\directx11_hw4.pdb
c:\users\matt zeosky\desktop\directx11_hw6\directx11_starter\directx11_starter\debug\camera.obj
c:\users\matt zeosky\desktop\directx11_hw6\directx11_starter\directx11_starter\debug\directxgame.obj
c:\users\matt zeosky\desktop\directx11_hw6\directx11_starter\directx11_starter\debug\dxerr.obj
c:\users\matt zeosky\desktop\directx11_hw6\directx11_starter\directx11_starter\debug\gameentity.obj
c:\users\matt zeosky\desktop\directx11_hw6\directx11_starter\directx11_starter\debug\gametimer.obj
c:\users\matt zeosky\desktop\directx11_hw6\directx11_starter\directx11_starter\debug\material.obj
c:\users\matt zeosky\desktop\directx11_hw6\directx11_starter\directx11_starter\debug\mesh.obj
c:\users\matt zeosky\desktop\directx11_hw6\directx11_starter\directx11_starter\debug\mydemogame.obj
c:\users\matt zeosky\desktop\directx11_hw6\directx11_starter\directx11_starter\debug\rendermanager.obj
c:\users\matt zeosky\desktop\directx11_hw6\directx11_starter\directx11_starter\debug\simpleshader.obj
c:\users\matt zeosky\desktop\directx11_hw6\directx11_starter\directx11_starter\debug\vc120.idb
c:\users\matt zeosky\desktop\directx11_hw6\directx11_starter\directx11_starter\debug\vc120.pdb
c:\users\matt zeosky\desktop\directx11_hw6\directx11_starter\debug\directx11_hw4.pdb
c:\users\matt zeosky\desktop\directx11_hw6\directx11_starter\debug\directx11_hw4.exe
c:\users\matt zeosky\desktop\directx11_hw6\directx11_starter\debug\directx11_hw4.ilk
c:\users\matt zeosky\desktop\directx11_hw6\directx11_starter\directx11_starter\debug\directx11_hw4.tlog\cl.command.1.tlog
c:\users\matt zeosky\desktop\directx11_hw6\directx11_starter\directx11_starter\debug\directx11_hw4.tlog\cl.read.1.tlog
c:\users\matt zeosky\desktop\directx11_hw6\directx11_starter\directx11_starter\debug\directx11_hw4.tlog\cl.write.1.tlog
c:\users\matt zeosky\desktop\directx11_hw6\directx11_starter\directx11_starter\debug\directx11_hw4.tlog\directx11_hw4.write.1u.tlog
c:\users\matt zeosky\desktop\directx11_hw6\directx11_starter\directx11_starter\debug\directx11_hw4.tlog\fxc.command.1.tlog
c:\users\matt zeosky\desktop\directx11_hw6\directx11_starter\directx11_starter\debug\directx11_hw4.tlog\fxc.read.1.tlog
c:\users\matt zeosky\desktop\directx11_hw6\directx11_starter\directx11_starter\debug\directx11_hw4.tlog\fxc.write.1.tlog
c:\users\matt zeosky\desktop\directx11_hw6\directx11_starter\directx11_starter\debug\directx11_hw4.tlog\link.command.1.tlog
c:\users\matt zeosky\desktop\directx11_hw6\directx11_starter\directx11_starter\debug\directx11_hw4.tlog\link.read.1.tlog
c:\users\matt zeosky\desktop\directx11_hw6\directx11_starter\directx11_starter\debug\directx11_hw4.tlog\link.write.1.tlog
