c:\users\matt zeosky\desktop\lap_01\directx11_starter\directx11_starter\debug\vc120.pdb
c:\users\matt zeosky\documents\github\plagnorshift\space_shifter\directx11_starter\directx11_starter\debug\vc120.pdb
c:\users\matt zeosky\documents\github\plagnorshift\space_shifter\directx11_starter\directx11_starter\debug\vc120.idb
c:\users\matt zeosky\documents\github\plagnorshift\space_shifter\directx11_starter\directx11_starter\debug\camera.obj
c:\users\matt zeosky\documents\github\plagnorshift\space_shifter\directx11_starter\directx11_starter\debug\chunkmanager.obj
c:\users\matt zeosky\documents\github\plagnorshift\space_shifter\directx11_starter\directx11_starter\debug\gameentity.obj
c:\users\matt zeosky\documents\github\plagnorshift\space_shifter\directx11_starter\directx11_starter\debug\material.obj
c:\users\matt zeosky\documents\github\plagnorshift\space_shifter\directx11_starter\directx11_starter\debug\mesh.obj
c:\users\matt zeosky\documents\github\plagnorshift\space_shifter\directx11_starter\directx11_starter\debug\mydemogame.obj
c:\users\matt zeosky\documents\github\plagnorshift\space_shifter\directx11_starter\directx11_starter\debug\dxerr.obj
c:\users\matt zeosky\documents\github\plagnorshift\space_shifter\directx11_starter\directx11_starter\debug\directxgame.obj
c:\users\matt zeosky\documents\github\plagnorshift\space_shifter\directx11_starter\directx11_starter\debug\gametimer.obj
c:\users\matt zeosky\documents\github\plagnorshift\space_shifter\directx11_starter\directx11_starter\debug\player.obj
c:\users\matt zeosky\documents\github\plagnorshift\space_shifter\directx11_starter\directx11_starter\debug\rendermanager.obj
c:\users\matt zeosky\documents\github\plagnorshift\space_shifter\directx11_starter\directx11_starter\debug\resourcemanager.obj
c:\users\matt zeosky\documents\github\plagnorshift\space_shifter\directx11_starter\directx11_starter\debug\simpleshader.obj
c:\users\matt zeosky\desktop\lap_01\directx11_starter\debug\pixelshader.cso
c:\users\matt zeosky\desktop\lap_01\directx11_starter\debug\vertexshader.cso
c:\users\matt zeosky\documents\github\plagnorshift\space_shifter\directx11_starter\debug\pixelshader.cso
c:\users\matt zeosky\documents\github\plagnorshift\space_shifter\directx11_starter\debug\vertexshader.cso
c:\users\matt zeosky\desktop\lap_01\directx11_starter\debug\lap_01.ilk
c:\users\matt zeosky\desktop\lap_01\directx11_starter\debug\lap_01.exe
c:\users\matt zeosky\desktop\lap_01\directx11_starter\debug\lap_01.pdb
c:\users\matt zeosky\documents\github\plagnorshift\space_shifter\directx11_starter\debug\lap_01.ilk
c:\users\matt zeosky\documents\github\plagnorshift\space_shifter\directx11_starter\debug\lap_01.exe
c:\users\matt zeosky\documents\github\plagnorshift\space_shifter\directx11_starter\debug\lap_01.pdb
c:\users\matt zeosky\documents\github\plagnorshift\space_shifter\directx11_starter\directx11_starter\debug\directx11_starter.vcxprojresolveassemblyreference.cache
c:\users\matt zeosky\documents\github\plagnorshift\space_shifter\directx11_starter\directx11_starter\debug\lap_01.tlog\cl.command.1.tlog
c:\users\matt zeosky\documents\github\plagnorshift\space_shifter\directx11_starter\directx11_starter\debug\lap_01.tlog\cl.read.1.tlog
c:\users\matt zeosky\documents\github\plagnorshift\space_shifter\directx11_starter\directx11_starter\debug\lap_01.tlog\cl.write.1.tlog
c:\users\matt zeosky\documents\github\plagnorshift\space_shifter\directx11_starter\directx11_starter\debug\lap_01.tlog\fxc.command.1.tlog
c:\users\matt zeosky\documents\github\plagnorshift\space_shifter\directx11_starter\directx11_starter\debug\lap_01.tlog\fxc.read.1.tlog
c:\users\matt zeosky\documents\github\plagnorshift\space_shifter\directx11_starter\directx11_starter\debug\lap_01.tlog\fxc.write.1.tlog
c:\users\matt zeosky\documents\github\plagnorshift\space_shifter\directx11_starter\directx11_starter\debug\lap_01.tlog\lap_01.write.1u.tlog
c:\users\matt zeosky\documents\github\plagnorshift\space_shifter\directx11_starter\directx11_starter\debug\lap_01.tlog\link.command.1.tlog
c:\users\matt zeosky\documents\github\plagnorshift\space_shifter\directx11_starter\directx11_starter\debug\lap_01.tlog\link.read.1.tlog
c:\users\matt zeosky\documents\github\plagnorshift\space_shifter\directx11_starter\directx11_starter\debug\lap_01.tlog\link.write.1.tlog
